2024-10-26 12:43:45,150 [DEBUG] Siemens Script: _______________ PROCESS STARTED _________________________
2024-10-26 12:43:45,151 [DEBUG] Siemens Script: Release Date: 17-10-2024 9:57 am
2024-10-26 12:44:29,814 [DEBUG] Siemens Script: _______________ PROCESS STARTED _________________________
2024-10-26 12:44:29,814 [DEBUG] Siemens Script: Release Date: 17-10-2024 9:57 am
2024-10-26 12:44:29,814 [DEBUG] Siemens Script: CSL to Master Started
2024-10-26 12:44:30,220 [DEBUG] Siemens Script: 
CSL to Master DONE.
2024-10-26 12:44:30,220 [DEBUG] Siemens Script: _______________ PROCESS FINISHED _________________________
2024-10-26 12:45:33,865 [DEBUG] Siemens Script: _______________ PROCESS STARTED _________________________
2024-10-26 12:45:33,866 [DEBUG] Siemens Script: Release Date: 17-10-2024 9:57 am
2024-10-26 12:45:33,866 [DEBUG] Siemens Script: Siemens process Started
2024-10-26 12:45:34,272 [DEBUG] Siemens Script: 
Siemens process DONE.
2024-10-26 12:45:34,272 [DEBUG] Siemens Script: _______________ PROCESS FINISHED _________________________
2024-10-26 13:57:34,503 [DEBUG] Siemens Script: _______________ PROCESS STARTED _________________________
2024-10-26 13:57:34,625 [DEBUG] Siemens Script: Release Date: 17-10-2024 9:57 am
2024-10-26 13:57:34,625 [DEBUG] Siemens Script: Siemens process Started
2024-10-26 13:57:35,838 [DEBUG] Siemens Script: 
Siemens process DONE.
2024-10-26 13:57:35,838 [DEBUG] Siemens Script: _______________ PROCESS FINISHED _________________________
2024-10-26 14:00:27,335 [DEBUG] Siemens Script: _______________ PROCESS STARTED _________________________
2024-10-26 14:00:27,345 [DEBUG] Siemens Script: Release Date: 17-10-2024 9:57 am
2024-10-26 14:00:27,345 [DEBUG] Siemens Script: Siemens process Started
2024-10-26 14:00:27,757 [DEBUG] Siemens Script: 
Siemens process DONE.
2024-10-26 14:00:27,757 [DEBUG] Siemens Script: _______________ PROCESS FINISHED _________________________
2024-10-26 14:03:30,572 [DEBUG] Siemens Script: _______________ PROCESS STARTED _________________________
2024-10-26 14:03:30,572 [DEBUG] Siemens Script: Release Date: 17-10-2024 9:57 am
2024-10-26 14:03:30,572 [DEBUG] Siemens Script: Siemens process Started
2024-10-26 14:03:30,982 [DEBUG] Siemens Script: 
Siemens process DONE.
2024-10-26 14:03:30,982 [DEBUG] Siemens Script: _______________ PROCESS FINISHED _________________________
2024-10-26 14:03:53,248 [DEBUG] Siemens Script: _______________ PROCESS STARTED _________________________
2024-10-26 14:03:53,248 [DEBUG] Siemens Script: Release Date: 17-10-2024 9:57 am
2024-10-26 14:03:53,248 [DEBUG] Siemens Script: Siemens process Started
2024-10-26 14:03:53,654 [DEBUG] Siemens Script: 
Siemens process DONE.
2024-10-26 14:03:53,654 [DEBUG] Siemens Script: _______________ PROCESS FINISHED _________________________
2024-10-26 14:47:51,269 [DEBUG] Siemens Script: _______________ PROCESS STARTED _________________________
2024-10-26 14:47:51,269 [DEBUG] Siemens Script: Release Date: 17-10-2024 9:57 am
2024-10-26 14:47:51,269 [DEBUG] Siemens Script: Siemens process Started
2024-10-26 14:47:51,674 [DEBUG] Siemens Script: 
Siemens process DONE.
2024-10-26 14:47:51,675 [DEBUG] Siemens Script: _______________ PROCESS FINISHED _________________________
2024-10-26 14:48:44,812 [DEBUG] Siemens Script: _______________ PROCESS STARTED _________________________
2024-10-26 14:48:44,812 [DEBUG] Siemens Script: Release Date: 17-10-2024 9:57 am
2024-10-26 14:48:44,812 [DEBUG] Siemens Script: Siemens process Started
2024-10-26 14:48:45,228 [DEBUG] Siemens Script: 
Siemens process DONE.
2024-10-26 14:48:45,229 [DEBUG] Siemens Script: _______________ PROCESS FINISHED _________________________
2024-10-26 14:56:22,359 [DEBUG] Siemens Script: _______________ PROCESS STARTED _________________________
2024-10-26 14:56:22,365 [DEBUG] Siemens Script: Release Date: 17-10-2024 9:57 am
2024-10-26 14:56:22,365 [DEBUG] Siemens Script: Siemens process Started
2024-10-26 14:56:23,174 [DEBUG] Siemens Script: 
Siemens process DONE.
2024-10-26 14:56:23,174 [DEBUG] Siemens Script: _______________ PROCESS FINISHED _________________________
2024-10-26 14:58:25,339 [DEBUG] Siemens Script: _______________ PROCESS STARTED _________________________
2024-10-26 14:58:25,436 [DEBUG] Siemens Script: Release Date: 17-10-2024 9:57 am
2024-10-26 14:58:25,437 [DEBUG] Siemens Script: Siemens process Started
2024-10-26 14:58:55,101 [DEBUG] Siemens Script: _______________ PROCESS STARTED _________________________
2024-10-26 14:58:55,101 [DEBUG] Siemens Script: Release Date: 17-10-2024 9:57 am
2024-10-26 14:58:55,101 [DEBUG] Siemens Script: Siemens process Started
2024-10-26 15:00:59,684 [DEBUG] Siemens Script: _______________ PROCESS STARTED _________________________
2024-10-26 15:00:59,684 [DEBUG] Siemens Script: Release Date: 17-10-2024 9:57 am
2024-10-26 15:00:59,684 [DEBUG] Siemens Script: Siemens process Started
2024-10-26 15:02:08,261 [DEBUG] Siemens Script: _______________ PROCESS STARTED _________________________
2024-10-26 15:02:08,261 [DEBUG] Siemens Script: Release Date: 17-10-2024 9:57 am
2024-10-26 15:02:08,262 [DEBUG] Siemens Script: Siemens process Started
2024-10-26 15:02:08,668 [DEBUG] Siemens Script: 
Siemens process DONE.
2024-10-26 15:02:08,668 [DEBUG] Siemens Script: _______________ PROCESS FINISHED _________________________
2024-10-26 15:02:31,677 [DEBUG] Siemens Script: _______________ PROCESS STARTED _________________________
2024-10-26 15:02:31,677 [DEBUG] Siemens Script: Release Date: 17-10-2024 9:57 am
2024-10-26 15:02:31,677 [DEBUG] Siemens Script: Siemens process Started
2024-10-26 15:02:32,083 [DEBUG] Siemens Script: 
Siemens process DONE.
2024-10-26 15:02:32,083 [DEBUG] Siemens Script: _______________ PROCESS FINISHED _________________________
2024-10-26 15:06:52,174 [DEBUG] Siemens Script: _______________ PROCESS STARTED _________________________
2024-10-26 15:06:52,203 [DEBUG] Siemens Script: Release Date: 17-10-2024 9:57 am
2024-10-26 15:06:52,203 [DEBUG] Siemens Script: Siemens process Started
2024-10-26 15:06:53,023 [DEBUG] Siemens Script: 
Siemens process DONE.
2024-10-26 15:06:53,023 [DEBUG] Siemens Script: _______________ PROCESS FINISHED _________________________
2024-10-26 15:08:31,885 [DEBUG] Siemens Script: _______________ PROCESS STARTED _________________________
2024-10-26 15:08:31,886 [DEBUG] Siemens Script: Release Date: 17-10-2024 9:57 am
2024-10-26 15:08:31,886 [DEBUG] Siemens Script: Siemens process Started
2024-10-26 15:08:32,696 [DEBUG] Siemens Script: 
Siemens process DONE.
2024-10-26 15:08:32,696 [DEBUG] Siemens Script: _______________ PROCESS FINISHED _________________________
2024-10-26 15:11:57,353 [DEBUG] Siemens Script: _______________ PROCESS STARTED _________________________
2024-10-26 15:11:57,437 [DEBUG] Siemens Script: Release Date: 17-10-2024 9:57 am
2024-10-26 15:11:57,437 [DEBUG] Siemens Script: Siemens process Started
2024-10-26 15:11:57,844 [DEBUG] Siemens Script: 
Siemens process DONE.
2024-10-26 15:11:57,844 [DEBUG] Siemens Script: _______________ PROCESS FINISHED _________________________
2024-10-26 15:12:56,979 [DEBUG] Siemens Script: _______________ PROCESS STARTED _________________________
2024-10-26 15:12:56,979 [DEBUG] Siemens Script: Release Date: 17-10-2024 9:57 am
2024-10-26 15:12:56,979 [DEBUG] Siemens Script: Siemens process Started
2024-10-26 15:12:57,384 [DEBUG] Siemens Script: 
Siemens process DONE.
2024-10-26 15:12:57,384 [DEBUG] Siemens Script: _______________ PROCESS FINISHED _________________________
2024-10-26 15:15:02,817 [DEBUG] Siemens Script: _______________ PROCESS STARTED _________________________
2024-10-26 15:15:02,818 [DEBUG] Siemens Script: Release Date: 17-10-2024 9:57 am
2024-10-26 15:15:02,818 [DEBUG] Siemens Script: Siemens process Started
2024-10-26 15:15:03,223 [DEBUG] Siemens Script: 
Siemens process DONE.
2024-10-26 15:15:03,224 [DEBUG] Siemens Script: _______________ PROCESS FINISHED _________________________
2024-10-26 15:16:29,492 [DEBUG] Siemens Script: _______________ PROCESS STARTED _________________________
2024-10-26 15:16:29,493 [DEBUG] Siemens Script: Release Date: 17-10-2024 9:57 am
2024-10-26 15:16:29,493 [DEBUG] Siemens Script: Siemens process Started
2024-10-26 15:16:29,897 [DEBUG] Siemens Script: 
Siemens process DONE.
2024-10-26 15:16:29,898 [DEBUG] Siemens Script: _______________ PROCESS FINISHED _________________________
2024-10-26 15:16:58,614 [DEBUG] Siemens Script: _______________ PROCESS STARTED _________________________
2024-10-26 15:16:58,614 [DEBUG] Siemens Script: Release Date: 17-10-2024 9:57 am
2024-10-26 15:16:58,614 [DEBUG] Siemens Script: Siemens process Started
2024-10-26 15:16:59,021 [DEBUG] Siemens Script: 
Siemens process DONE.
2024-10-26 15:16:59,022 [DEBUG] Siemens Script: _______________ PROCESS FINISHED _________________________
2024-10-26 15:20:28,469 [DEBUG] Siemens Script: _______________ PROCESS STARTED _________________________
2024-10-26 15:20:28,469 [DEBUG] Siemens Script: Release Date: 17-10-2024 9:57 am
2024-10-26 15:20:28,469 [DEBUG] Siemens Script: Siemens process Started
2024-10-26 15:20:28,886 [DEBUG] Siemens Script: 
Siemens process DONE.
2024-10-26 15:20:28,886 [DEBUG] Siemens Script: _______________ PROCESS FINISHED _________________________
2024-10-26 15:32:53,100 [DEBUG] Siemens Script: _______________ PROCESS STARTED _________________________
2024-10-26 15:32:53,180 [DEBUG] Siemens Script: Release Date: 26-10-2024 3:31 pm
2024-10-26 15:32:53,180 [DEBUG] Siemens Script: Siemens process Started
2024-10-26 15:32:53,991 [DEBUG] Siemens Script: 
Siemens process DONE.
2024-10-26 15:32:53,992 [DEBUG] Siemens Script: _______________ PROCESS FINISHED _________________________
2024-10-26 15:34:38,190 [DEBUG] Siemens Script: _______________ PROCESS STARTED _________________________
2024-10-26 15:34:38,190 [DEBUG] Siemens Script: Release Date: 26-10-2024 3:31 pm
2024-10-26 15:34:38,190 [DEBUG] Siemens Script: Siemens process Started
2024-10-26 15:34:38,595 [DEBUG] Siemens Script: 
Siemens process DONE.
2024-10-26 15:34:38,596 [DEBUG] Siemens Script: _______________ PROCESS FINISHED _________________________
2024-10-26 15:51:10,864 [DEBUG] Siemens Script: _______________ PROCESS STARTED _________________________
2024-10-26 15:51:10,969 [DEBUG] Siemens Script: Release Date: 26-10-2024 3:31 pm
2024-10-26 15:51:10,969 [DEBUG] Siemens Script: Siemens process Started
2024-10-26 15:51:11,800 [DEBUG] Siemens Script: 
Siemens process DONE.
2024-10-26 15:51:11,800 [DEBUG] Siemens Script: _______________ PROCESS FINISHED _________________________
2024-10-26 16:02:13,445 [DEBUG] Siemens Script: _______________ PROCESS STARTED _________________________
2024-10-26 16:02:13,536 [DEBUG] Siemens Script: Release Date: 26-10-2024 3:31 pm
2024-10-26 16:02:13,536 [DEBUG] Siemens Script: Siemens process Started
2024-10-26 16:02:14,363 [DEBUG] Siemens Script: 
Siemens process DONE.
2024-10-26 16:02:14,363 [DEBUG] Siemens Script: _______________ PROCESS FINISHED _________________________
2024-10-26 16:04:34,079 [DEBUG] Siemens Script: _______________ PROCESS STARTED _________________________
2024-10-26 16:04:34,080 [DEBUG] Siemens Script: Release Date: 26-10-2024 3:31 pm
2024-10-26 16:04:34,080 [DEBUG] Siemens Script: Siemens process Started
2024-10-26 16:04:34,485 [DEBUG] Siemens Script: 
Siemens process DONE.
2024-10-26 16:04:34,485 [DEBUG] Siemens Script: _______________ PROCESS FINISHED _________________________
2024-10-26 16:05:13,456 [DEBUG] Siemens Script: _______________ PROCESS STARTED _________________________
2024-10-26 16:05:13,456 [DEBUG] Siemens Script: Release Date: 26-10-2024 3:31 pm
2024-10-26 16:05:13,456 [DEBUG] Siemens Script: Siemens process Started
2024-10-26 16:05:13,863 [DEBUG] Siemens Script: 
Siemens process DONE.
2024-10-26 16:05:13,863 [DEBUG] Siemens Script: _______________ PROCESS FINISHED _________________________
2024-10-26 16:06:19,786 [DEBUG] Siemens Script: _______________ PROCESS STARTED _________________________
2024-10-26 16:06:19,787 [DEBUG] Siemens Script: Release Date: 26-10-2024 3:31 pm
2024-10-26 16:06:19,787 [DEBUG] Siemens Script: Siemens process Started
2024-10-26 16:06:20,197 [DEBUG] Siemens Script: 
Siemens process DONE.
2024-10-26 16:06:20,197 [DEBUG] Siemens Script: _______________ PROCESS FINISHED _________________________
2024-10-26 16:11:14,417 [DEBUG] Siemens Script: _______________ PROCESS STARTED _________________________
2024-10-26 16:11:14,418 [DEBUG] Siemens Script: Release Date: 26-10-2024 3:31 pm
2024-10-26 16:11:14,418 [DEBUG] Siemens Script: Siemens process Started
2024-10-26 16:11:14,825 [DEBUG] Siemens Script: 
Siemens process DONE.
2024-10-26 16:11:14,825 [DEBUG] Siemens Script: _______________ PROCESS FINISHED _________________________
2024-10-26 16:12:18,535 [DEBUG] Siemens Script: _______________ PROCESS STARTED _________________________
2024-10-26 16:12:18,535 [DEBUG] Siemens Script: Release Date: 26-10-2024 3:31 pm
2024-10-26 16:12:18,535 [DEBUG] Siemens Script: Siemens process Started
2024-10-26 16:12:18,944 [DEBUG] Siemens Script: 
Siemens process DONE.
2024-10-26 16:12:18,944 [DEBUG] Siemens Script: _______________ PROCESS FINISHED _________________________
2024-10-26 16:14:10,578 [DEBUG] Siemens Script: _______________ PROCESS STARTED _________________________
2024-10-26 16:14:10,578 [DEBUG] Siemens Script: Release Date: 26-10-2024 3:31 pm
2024-10-26 16:14:10,578 [DEBUG] Siemens Script: Siemens process Started
2024-10-26 16:14:10,986 [DEBUG] Siemens Script: 
Siemens process DONE.
2024-10-26 16:14:10,986 [DEBUG] Siemens Script: _______________ PROCESS FINISHED _________________________
2024-10-26 16:15:13,545 [DEBUG] Siemens Script: _______________ PROCESS STARTED _________________________
2024-10-26 16:15:13,545 [DEBUG] Siemens Script: Release Date: 26-10-2024 3:31 pm
2024-10-26 16:15:13,545 [DEBUG] Siemens Script: Siemens process Started
2024-10-26 16:15:13,951 [DEBUG] Siemens Script: 
Siemens process DONE.
2024-10-26 16:15:13,951 [DEBUG] Siemens Script: _______________ PROCESS FINISHED _________________________
2024-10-26 16:15:54,077 [DEBUG] Siemens Script: _______________ PROCESS STARTED _________________________
2024-10-26 16:15:54,077 [DEBUG] Siemens Script: Release Date: 26-10-2024 3:31 pm
2024-10-26 16:15:54,077 [DEBUG] Siemens Script: Siemens process Started
2024-10-26 16:15:54,486 [DEBUG] Siemens Script: 
Siemens process DONE.
2024-10-26 16:15:54,486 [DEBUG] Siemens Script: _______________ PROCESS FINISHED _________________________
